<?xml version="1.0" encoding="UTF-8"?>
<testsuite name="com.hhgasvs.appweb.controller.test.DisciplinaSvcTest" tests="1" skipped="0" failures="0" errors="0" timestamp="2014-11-27T16:41:46" hostname="VAIOdoHUGAO" time="0.005">
  <properties/>
  <testcase name="testDisciplinaAddAndList" classname="com.hhgasvs.appweb.controller.test.DisciplinaSvcTest" time="0.005"/>
  <system-out><![CDATA[]]></system-out>
  <system-err><![CDATA[]]></system-err>
</testsuite>
